>> 1000000 + 1000000
UserId: 1000232
UserId: 1000662
UserId: 1000688
UserId: 1000985
UserId: 1001202
UserId: 1001768
UserId: 1002314
UserId: 1002330
UserId: 1002333
UserId: 1002643
UserId: 1002821
UserId: 1002979
UserId: 1003020
UserId: 1003659
UserId: 1004090
UserId: 1004257
UserId: 1004272
UserId: 1004512
UserId: 1004606
UserId: 1004658
UserId: 1005007
UserId: 1005141
UserId: 1005237
UserId: 1005282
UserId: 1005495
UserId: 1005692
UserId: 1005921
UserId: 1006636
UserId: 1006731
UserId: 1006841
UserId: 1006986
UserId: 1006989
UserId: 1007306
UserId: 1007599
UserId: 1007651
UserId: 1007693
UserId: 1008658
UserId: 1008695
UserId: 1008752
UserId: 1008892
UserId: 1008896
UserId: 1008912
UserId: 1009192
UserId: 1010116
UserId: 1010126
UserId: 1010204
UserId: 1010498
UserId: 1010543
UserId: 1010662
UserId: 1010674
UserId: 1010680
UserId: 1011639
UserId: 1012138
UserId: 1012478
UserId: 1012483
UserId: 1013181
UserId: 1013571
UserId: 1015011
UserId: 1015100
UserId: 1015296
UserId: 1015479
UserId: 1015501
UserId: 1015813
UserId: 1015930
UserId: 1016085
UserId: 1016308
UserId: 1016566
UserId: 1016740
UserId: 1017546
UserId: 1017618
UserId: 1017690
UserId: 1017885
UserId: 1018008
UserId: 1018037
UserId: 1018153
UserId: 1018225
UserId: 1018356
UserId: 1018833
UserId: 1018998
UserId: 1019157
UserId: 1019304
UserId: 1020167
UserId: 1020249
UserId: 1020548
UserId: 1020735
UserId: 1021009
UserId: 1021068
UserId: 1021210
UserId: 1021695
UserId: 1021779
UserId: 1022599
UserId: 1022790
UserId: 1022822
UserId: 1023026
UserId: 1023365
UserId: 1023922
UserId: 1024451
UserId: 1024935
UserId: 1025138
UserId: 1025182
UserId: 1025195
UserId: 1025426
UserId: 1025792
UserId: 1026082
UserId: 1026370
UserId: 1026554
UserId: 1026607
UserId: 1026609
UserId: 1026794
UserId: 1027204
UserId: 1027489
UserId: 1027638
UserId: 1027730
UserId: 1028155
UserId: 1028490
UserId: 1028621
UserId: 1028773
UserId: 1028944
UserId: 1029351
UserId: 1029487
UserId: 1029617
UserId: 1030112
UserId: 1030247
UserId: 1030277
UserId: 1030460
UserId: 1030464
UserId: 1030945
UserId: 1031018
UserId: 1031191
UserId: 1031504
UserId: 1031633
UserId: 1031880
UserId: 1032009
UserId: 1032140
UserId: 1032524
UserId: 1032665
UserId: 1032853
UserId: 1032908
UserId: 1033135
UserId: 1033144
UserId: 1033385
UserId: 1033852
UserId: 1034173
UserId: 1034206
UserId: 1034213
UserId: 1034347
UserId: 1034353
UserId: 1034695
UserId: 1034705
UserId: 1034922
UserId: 1034934
UserId: 1035031
UserId: 1035082
UserId: 1035137
UserId: 1035174
UserId: 1035275
UserId: 1035336
UserId: 1035530
UserId: 1035736
UserId: 1035821
>> 1035821 + 1000000
UserId: 1035821
UserId: 1035952
UserId: 1036160
UserId: 1036194
UserId: 1036206
UserId: 1036362
UserId: 1036664
UserId: 1036843
UserId: 1036914
UserId: 1036950
UserId: 1037097
UserId: 1037329
UserId: 1037947
UserId: 1038125
UserId: 1038364
UserId: 1038451
UserId: 1038741
UserId: 1039026
UserId: 1039319
UserId: 1039478
UserId: 1039885
UserId: 1040110
UserId: 1040314
UserId: 1040536
UserId: 1040712
>> 1040712 + 1000000
UserId: 1040712
UserId: 1041085
UserId: 1041462
UserId: 1041548
UserId: 1041730
UserId: 1041915
UserId: 1042005
UserId: 1042403
UserId: 1042529
UserId: 1042562
UserId: 1042753
UserId: 1042884
UserId: 1042894
UserId: 1043331
UserId: 1043426
UserId: 1043474
UserId: 1043627
UserId: 1043784
UserId: 1043831
UserId: 1043876
UserId: 1043999
UserId: 1044151
UserId: 1044192
UserId: 1044940
UserId: 1045127
UserId: 1045225
UserId: 1045666
UserId: 1046082
UserId: 1046212
UserId: 1046213
UserId: 1046878
UserId: 1046970
UserId: 1047289
UserId: 1047592
UserId: 1047872
UserId: 1048052
UserId: 1048106
UserId: 1048151
UserId: 1048174
UserId: 1048252
UserId: 1048547
UserId: 1048695
UserId: 1049088
UserId: 1049138
UserId: 1049146
UserId: 1049797
UserId: 1050290
UserId: 1050586
UserId: 1050637
UserId: 1051537
