>> 20000000 + 10000
UserId: 20000115
UserId: 20000874
UserId: 20001084
UserId: 20001197
UserId: 20001393
UserId: 20001688
UserId: 20001854
UserId: 20002441
UserId: 20002485
UserId: 20002559
UserId: 20002584
UserId: 20002999
UserId: 20003098
UserId: 20003318
UserId: 20003471
UserId: 20003565
UserId: 20003583
UserId: 20004032
UserId: 20004184
UserId: 20004194
UserId: 20004454
UserId: 20004644
UserId: 20004852
UserId: 20004975
UserId: 20005078
UserId: 20005159
UserId: 20005257
UserId: 20005576
UserId: 20005792
UserId: 20006013
UserId: 20006253
UserId: 20006630
UserId: 20006780
UserId: 20007210
UserId: 20007973
UserId: 20007978
UserId: 20008413
UserId: 20008481
UserId: 20008561
UserId: 20008626
UserId: 20009044
UserId: 20009227
UserId: 20009306
UserId: 20009311
UserId: 20009429
UserId: 20009484
UserId: 20009520
UserId: 20009644
UserId: 20009942
