>> 20023097 + 10000000
UserId: 20023538
UserId: 20023567
UserId: 20023785
UserId: 20023806
UserId: 20023936
UserId: 20024181
UserId: 20024588
UserId: 20024948
UserId: 20025033
UserId: 20025295
UserId: 20025673
UserId: 20025739
UserId: 20025774
UserId: 20026608
UserId: 20026678
UserId: 20026758
UserId: 20026785
UserId: 20027004
UserId: 20027059
UserId: 20027369
UserId: 20027460
UserId: 20027496
UserId: 20027803
UserId: 20028189
UserId: 20028736
UserId: 20028760
UserId: 20029055
UserId: 20029167
UserId: 20029240
UserId: 20029245
UserId: 20029318
UserId: 20029761
UserId: 20029873
UserId: 20029964
UserId: 20030220
UserId: 20030223
UserId: 20030431
UserId: 20030520
UserId: 20030778
UserId: 20030785
UserId: 20030903
UserId: 20031190
UserId: 20031360
UserId: 20031390
UserId: 20031576
UserId: 20031885
UserId: 20032175
UserId: 20032349
UserId: 20032431
UserId: 20032527
UserId: 20032571
UserId: 20032796
UserId: 20033001
UserId: 20033042
UserId: 20033340
UserId: 20033466
UserId: 20033578
UserId: 20033899
UserId: 20034016
UserId: 20034231
UserId: 20034531
UserId: 20034974
UserId: 20035215
UserId: 20035889
UserId: 20036354
UserId: 20036508
UserId: 20037275
UserId: 20037592
UserId: 20037838
UserId: 20037979
UserId: 20038236
UserId: 20038630
UserId: 20038647
UserId: 20038714
UserId: 20038793
UserId: 20038843
UserId: 20039095
UserId: 20039145
UserId: 20039205
UserId: 20039345
UserId: 20039496
UserId: 20039777
UserId: 20039911
UserId: 20040158
UserId: 20040338
UserId: 20040450
UserId: 20040865
UserId: 20040926
UserId: 20041259
UserId: 20041264
UserId: 20041478
UserId: 20041579
UserId: 20042050
UserId: 20042051
UserId: 20042084
UserId: 20042091
UserId: 20042268
UserId: 20042590
UserId: 20042646
UserId: 20042675
UserId: 20042853
UserId: 20043790
UserId: 20043845
UserId: 20043936
UserId: 20044329
UserId: 20044387
UserId: 20044442
UserId: 20044532
UserId: 20044901
UserId: 20045241
UserId: 20045532
UserId: 20045583
UserId: 20045679
UserId: 20045702
UserId: 20045952
UserId: 20046022
UserId: 20046189
UserId: 20046427
UserId: 20046429
UserId: 20046866
UserId: 20046920
UserId: 20047000
UserId: 20047042
UserId: 20047357
UserId: 20047422
UserId: 20047543
UserId: 20047851
UserId: 20048106
UserId: 20048165
UserId: 20048177
UserId: 20048294
UserId: 20048768
UserId: 20048997
UserId: 20049043
UserId: 20049096
UserId: 20049472
UserId: 20049474
UserId: 20049998
UserId: 20050101
UserId: 20050278
UserId: 20050520
UserId: 20051333
UserId: 20052160
UserId: 20052437
UserId: 20053263
UserId: 20053434
UserId: 20053782
UserId: 20053913
UserId: 20054001
UserId: 20054240
UserId: 20054353
UserId: 20054529
UserId: 20054545
UserId: 20055522
UserId: 20055700
UserId: 20055912
UserId: 20055992
UserId: 20056399
UserId: 20056438
UserId: 20056520
UserId: 20056839
UserId: 20056858
UserId: 20057099
UserId: 20057228
UserId: 20057273
UserId: 20057305
UserId: 20057491
UserId: 20057497
UserId: 20057547
UserId: 20057557
UserId: 20057667
UserId: 20057727
UserId: 20057761
UserId: 20057765
UserId: 20058205
UserId: 20058470
UserId: 20058563
UserId: 20058597
UserId: 20058636
UserId: 20059033
UserId: 20059134
UserId: 20059484
UserId: 20059648
UserId: 20059774
UserId: 20060198
UserId: 20060390
UserId: 20060532
UserId: 20060595
UserId: 20060721
UserId: 20060941
UserId: 20061025
UserId: 20061110
UserId: 20061208
UserId: 20062100
UserId: 20062177
UserId: 20062376
UserId: 20062466
UserId: 20062481
UserId: 20062827
UserId: 20062845
UserId: 20063189
UserId: 20063359
UserId: 20063443
UserId: 20063652
UserId: 20063725
UserId: 20063760
UserId: 20064208
UserId: 20064597
UserId: 20064675
UserId: 20064796
UserId: 20065322
UserId: 20065383
UserId: 20065903
UserId: 20066000
UserId: 20066001
UserId: 20066038
UserId: 20066393
UserId: 20066509
UserId: 20067092
UserId: 20067961
UserId: 20068117
UserId: 20068131
UserId: 20068169
UserId: 20068272
UserId: 20068293
UserId: 20068565
UserId: 20068923
UserId: 20068991
UserId: 20068998
UserId: 20069191
UserId: 20070419
UserId: 20070438
UserId: 20070449
UserId: 20070611
UserId: 20070695
UserId: 20070710
UserId: 20070922
UserId: 20070947
UserId: 20071172
UserId: 20071436
UserId: 20071477
UserId: 20071786
UserId: 20071814
UserId: 20072006
UserId: 20072190
UserId: 20072348
UserId: 20072485
UserId: 20072498
UserId: 20072834
UserId: 20072944
UserId: 20073151
UserId: 20073251
UserId: 20073361
UserId: 20073584
UserId: 20073642
UserId: 20073733
UserId: 20073923
UserId: 20074096
UserId: 20074111
UserId: 20074157
UserId: 20074158
UserId: 20074230
UserId: 20074383
UserId: 20074406
UserId: 20074757
UserId: 20074814
UserId: 20075264
UserId: 20075573
UserId: 20075761
UserId: 20076192
UserId: 20076207
UserId: 20076273
UserId: 20076749
UserId: 20077652
UserId: 20077851
UserId: 20078586
UserId: 20078705
UserId: 20078771
UserId: 20078939
UserId: 20078944
UserId: 20079250
UserId: 20079473
UserId: 20079492
UserId: 20080720
UserId: 20080816
UserId: 20081145
UserId: 20081279
UserId: 20081387
UserId: 20081847
UserId: 20082047
UserId: 20082088
UserId: 20082696
UserId: 20082785
UserId: 20082827
UserId: 20082869
UserId: 20082883
UserId: 20082976
UserId: 20082995
UserId: 20083400
UserId: 20083501
UserId: 20083603
UserId: 20083622
UserId: 20083796
UserId: 20083901
UserId: 20084048
UserId: 20084189
UserId: 20084277
UserId: 20084314
UserId: 20084711
UserId: 20084751
UserId: 20084766
UserId: 20084859
UserId: 20084878
UserId: 20085108
UserId: 20085154
UserId: 20085278
UserId: 20085343
UserId: 20085786
UserId: 20085944
UserId: 20085947
UserId: 20085977
UserId: 20086171
UserId: 20086553
UserId: 20086652
UserId: 20087178
UserId: 20087280
UserId: 20087687
UserId: 20087742
UserId: 20087776
UserId: 20088051
UserId: 20088252
UserId: 20088321
UserId: 20088853
UserId: 20089029
UserId: 20089107
UserId: 20089454
UserId: 20089488
UserId: 20089628
UserId: 20089872
UserId: 20089894
UserId: 20089911
UserId: 20090324
UserId: 20090327
UserId: 20090372
UserId: 20090948
UserId: 20090958
UserId: 20091033
UserId: 20091097
UserId: 20091186
UserId: 20091323
UserId: 20092549
UserId: 20092584
UserId: 20092869
UserId: 20092960
UserId: 20093022
UserId: 20093089
UserId: 20093278
UserId: 20093292
UserId: 20093669
UserId: 20093802
UserId: 20093936
UserId: 20093946
UserId: 20094179
UserId: 20094427
UserId: 20094485
UserId: 20094731
UserId: 20094985
UserId: 20094997
UserId: 20095180
UserId: 20095588
UserId: 20095718
UserId: 20095743
UserId: 20096252
