>> 20010000 + 10000
UserId: 20010198
UserId: 20010403
UserId: 20010476
UserId: 20010549
UserId: 20010684
UserId: 20010930
UserId: 20011109
UserId: 20011497
UserId: 20011682
UserId: 20011842
UserId: 20011909
UserId: 20012415
UserId: 20012525
UserId: 20012659
UserId: 20012778
UserId: 20012827
UserId: 20012909
UserId: 20013193
UserId: 20013201
UserId: 20013297
UserId: 20013362
UserId: 20013581
UserId: 20014309
UserId: 20014941
UserId: 20015094
UserId: 20015187
UserId: 20015538
UserId: 20015949
UserId: 20016109
UserId: 20016174
UserId: 20016404
UserId: 20016409
UserId: 20016413
UserId: 20016494
UserId: 20016933
UserId: 20017069
UserId: 20017288
UserId: 20017496
UserId: 20017567
