>> 30000000 + 10000000
UserId: 30000002
UserId: 30000082
UserId: 30000224
UserId: 30000283
UserId: 30000296
UserId: 30000459
UserId: 30001191
UserId: 30001278
UserId: 30001325
UserId: 30001540
UserId: 30001602
UserId: 30001742
UserId: 30002095
UserId: 30002320
UserId: 30002780
UserId: 30002883
UserId: 30003091
UserId: 30003264
UserId: 30003590
UserId: 30003812
UserId: 30004065
UserId: 30004163
UserId: 30004244
UserId: 30004286
UserId: 30004386
UserId: 30004850
UserId: 30004926
UserId: 30005170
UserId: 30005337
UserId: 30005415
UserId: 30005454
UserId: 30005499
UserId: 30005553
UserId: 30005614
UserId: 30005827
UserId: 30005941
UserId: 30006235
UserId: 30006343
UserId: 30006593
UserId: 30006842
UserId: 30006858
UserId: 30006973
UserId: 30007839
UserId: 30008096
UserId: 30008385
UserId: 30008751
UserId: 30008894
UserId: 30009087
UserId: 30009173
UserId: 30009272
UserId: 30009678
UserId: 30009833
UserId: 30010182
UserId: 30010255
UserId: 30010499
UserId: 30010623
UserId: 30010783
UserId: 30010846
UserId: 30010991
UserId: 30011507
UserId: 30011639
UserId: 30012277
UserId: 30012450
UserId: 30012805
UserId: 30013037
UserId: 30013088
UserId: 30013191
UserId: 30013209
UserId: 30013249
UserId: 30013678
UserId: 30013746
UserId: 30013826
UserId: 30014075
UserId: 30014088
UserId: 30014233
UserId: 30014540
UserId: 30015236
UserId: 30015439
UserId: 30015978
UserId: 30016090
UserId: 30016854
UserId: 30016899
UserId: 30017151
UserId: 30017158
UserId: 30017565
UserId: 30017831
UserId: 30017838
UserId: 30018445
UserId: 30018507
UserId: 30018649
UserId: 30019083
UserId: 30019133
UserId: 30019857
UserId: 30019930
UserId: 30020529
UserId: 30020602
UserId: 30020763
UserId: 30020902
UserId: 30020990
UserId: 30021321
UserId: 30021516
UserId: 30021679
UserId: 30021695
UserId: 30021708
UserId: 30021730
UserId: 30021956
UserId: 30022017
UserId: 30022284
UserId: 30022339
UserId: 30022769
UserId: 30022929
UserId: 30023057
UserId: 30023304
UserId: 30023578
UserId: 30023588
UserId: 30023623
UserId: 30023992
UserId: 30024048
UserId: 30024126
UserId: 30024185
UserId: 30024211
UserId: 30024712
UserId: 30025096
UserId: 30025315
UserId: 30025465
UserId: 30025775
UserId: 30025792
UserId: 30025871
UserId: 30025890
UserId: 30025903
UserId: 30026504
UserId: 30026520
UserId: 30026897
UserId: 30027037
UserId: 30027472
UserId: 30027568
UserId: 30027607
UserId: 30027840
UserId: 30027897
UserId: 30028007
UserId: 30028300
UserId: 30028324
UserId: 30028346
UserId: 30028723
UserId: 30029020
UserId: 30029156
UserId: 30029175
UserId: 30029287
UserId: 30029350
UserId: 30029435
UserId: 30029966
UserId: 30030233
UserId: 30030505
UserId: 30030599
UserId: 30030771
UserId: 30030802
UserId: 30030871
UserId: 30030980
UserId: 30031154
UserId: 30031252
UserId: 30031514
UserId: 30031545
UserId: 30031722
UserId: 30031837
UserId: 30031867
UserId: 30031890
UserId: 30032255
UserId: 30032374
UserId: 30032508
UserId: 30032759
UserId: 30033045
UserId: 30033752
UserId: 30033789
UserId: 30034029
UserId: 30034081
UserId: 30034171
UserId: 30034327
UserId: 30034537
UserId: 30034897
UserId: 30034949
UserId: 30035014
UserId: 30035225
UserId: 30035289
UserId: 30035387
UserId: 30035813
UserId: 30035831
UserId: 30035847
UserId: 30035913
UserId: 30035982
UserId: 30036070
UserId: 30036194
UserId: 30036201
UserId: 30036850
UserId: 30037035
UserId: 30037178
UserId: 30037327
UserId: 30037816
UserId: 30037892
UserId: 30037988
UserId: 30037996
UserId: 30038068
UserId: 30038465
UserId: 30039157
UserId: 30039397
UserId: 30039529
UserId: 30039926
UserId: 30039955
UserId: 30040169
UserId: 30040673
UserId: 30040690
UserId: 30040864
UserId: 30041771
UserId: 30042191
UserId: 30042352
UserId: 30042525
UserId: 30042705
UserId: 30042719
UserId: 30042885
UserId: 30042913
UserId: 30043070
UserId: 30043339
UserId: 30043731
UserId: 30044187
UserId: 30045107
UserId: 30045171
UserId: 30045229
UserId: 30045247
UserId: 30045314
UserId: 30045316
UserId: 30045457
UserId: 30045496
UserId: 30045508
UserId: 30045675
UserId: 30046129
UserId: 30046233
UserId: 30046438
UserId: 30046794
UserId: 30047287
UserId: 30047421
UserId: 30047480
UserId: 30047796
UserId: 30047802
UserId: 30047968
UserId: 30048130
UserId: 30048286
UserId: 30048301
UserId: 30048331
UserId: 30048343
UserId: 30048346
UserId: 30048954
UserId: 30049033
UserId: 30049228
UserId: 30049339
UserId: 30049443
UserId: 30050063
UserId: 30050344
UserId: 30050367
UserId: 30050445
UserId: 30050678
UserId: 30050816
UserId: 30050857
UserId: 30051087
UserId: 30051295
UserId: 30051357
UserId: 30051436
UserId: 30051567
UserId: 30051692
UserId: 30051797
UserId: 30052107
UserId: 30052306
UserId: 30052410
UserId: 30052546
UserId: 30052665
UserId: 30052684
UserId: 30052747
UserId: 30053120
UserId: 30053184
UserId: 30053501
UserId: 30053780
UserId: 30054799
UserId: 30054938
UserId: 30055199
UserId: 30056352
UserId: 30056451
UserId: 30056750
UserId: 30056833
UserId: 30057124
UserId: 30057287
UserId: 30057616
UserId: 30057647
UserId: 30058076
UserId: 30058445
UserId: 30058519
UserId: 30058550
UserId: 30058640
UserId: 30058659
UserId: 30058875
UserId: 30058888
UserId: 30059200
UserId: 30059369
UserId: 30059929
UserId: 30060049
UserId: 30060075
UserId: 30060335
UserId: 30060727
UserId: 30060771
UserId: 30060903
UserId: 30061042
UserId: 30061179
UserId: 30061442
UserId: 30062034
UserId: 30062210
UserId: 30062346
UserId: 30062438
UserId: 30062712
UserId: 30062848
UserId: 30063288
UserId: 30063435
UserId: 30064155
UserId: 30064289
UserId: 30064499
UserId: 30064588
UserId: 30064597
UserId: 30064756
UserId: 30064783
UserId: 30064875
UserId: 30065016
UserId: 30065029
UserId: 30065160
UserId: 30065176
UserId: 30065447
UserId: 30065554
UserId: 30065754
UserId: 30065870
UserId: 30065910
UserId: 30066421
UserId: 30066646
UserId: 30066912
UserId: 30067305
UserId: 30067695
UserId: 30067881
UserId: 30067922
UserId: 30068107
UserId: 30068120
