>> 40000000 + 10000000
40000050
40000513
40000533
40000578
40000765
40000792
40000928
40001077
40001314
40001448
40002090
40002301
40002651
40003173
40003538
40003558
40003810
40003812
40004430
40004503
40004593
40005124
40005563
40005602
40005818
40005924
40006247
40006517
40006615
40006895
40007745
40007858
40008206
40008236
40008624
40008840
40009148
40009393
40009423
40009465
40009683
40009783
40009918
40010087
40010577
40010854
40011001
40011012
40011133
40011294
40011564
40011566
40011763
40011765
40011984
40012207
40012594
40013168
40013267
40013644
40013931
40014009
40014126
40014602
40014900
40015252
40015428
40016194
40016305
40016560
40016912
40017466
40018133
40018284
40018426
40018894
40019137
40019263
40019302
40019391
40019486
40019536
40019590
40019659
40019753
40019842
40020298
40020423
40020511
40020556
40020636
40020718
40020732
40020899
40021027
40021194
40021383
40021573
40021769
40021924
40022030
40022048
40022197
40022287
40022335
40022440
40022613
40022633
40022822
40022945
40023162
40023294
40023390
40023649
40023655
40024263
40024295
40024312
40024340
40024455
40024527
40024949
40025216
40025405
40025521
40025639
40025745
40026092
40026383
40026443
40026446
40026448
40026623
40026631
40026675
40026923
40027101
40027117
40027204
40027372
40027552
40027663
40028114
40028200
40028423
40028664
40029258
40029414
40029728
40029929
