999999643
999999531
999999286
999999175
999998850
999998804
999998633
999997928
999997891
999997509
999997419
999997360
999997151
999997092
999996999
999996926
999996484
999996192
999996134
999995756
999995468
999995211
999994509
999994152
999994040
999993979
999993453
999993012
999992664
999992598
999992226
999991919
999991754
999991554
999991515
999991453
999991352
999991157
999990991
999990895
999990603
999990452
999990086
999989588
999989477
999989285
999988986
999988832
 
999988331
999988109
 
 
999987407
 
999987394
 
999987188
 
999987016
 
999986902
999986845
 
 
999986472
 
 
999984818
999984660
 
999984458
999984125
999984112
 
999984013
999983460
999982741
999982718
999982655
999982311
999982264
999982234
999982064
999981997
999981624
999981540
 
 
999981217
 
 
999980976
999980968
999980825
 
999979888
999979838
 
999979738
999979720
999979682
999979294
999979122
999979068
 
999978977
 
999978325
 
999978172
999978058
 
999977949
999977810
999977633
 
999977568
999977507
 
999976778
999976625
999976282
999976204
 
999975791
 
999974669
999974544
999974194
 
 
999973587
999973454
 
999973174
999973025
999972882
999972772
999972562
999972331
999972237
 
 
 
999971512
 
999971401
999971174
999971041
999971029
 
 
 
 
999970681
999970604
999970486
999970452
 
 
999969718
999969639
 
999968811
999968799
 
 
 
 
 
999968019
999967803
 
 
 
999967307
999967168
999967119
999966776
999966763
999966392
 
999966122
 
999965985
999965951
 
 
 
999965715
 
 
999965395
 
999965227
999965167
 
 
999964835
999964643
999964456
999964150
999964144
 
 
999963661
999963590
999963209
 
999963160
 
 
999962196
 
999961638
999961599
999961574
999961534
 
 
999961224
999961201
999961028
999960914
999960800
999960670
 
 
 
 
 
 
999959389
 
999959079
 
999958916
 
999958673
 
 
999958303
999958246
 
 
999957650
999957490
 
999957396
 
999957345
999957227
 
999957042
 
999956964
 
 
999956609
999956343
 
999956232
999956216
999956105
999955816
999955777
 
 
 
999955228
 
 
 
999954795
 
999954766
 
999954173
 
999953540
999953439
999953436
999953289
 
999953049
999953006
999952556
999952398
 
 
999952308
999951982
999951947
999951855
 
999951443
999951360
999951218
999951056
999949995
999949991
999949766
999949259
 
999949173
999949159
 
999949055
 
999948895
 
999948762
999948685
999948681
 
 
999947484
999947401
 
999947329
999947122
 
999947008
999946914
999946758
999946749
999946614
999946473
999946105
999945783
 
999945645
 
 
 
 
999945282
 
 
 
999945011
999944802
999944703
 
999944378
999944257
999943854
999943663
999943525
 
999943263
999943094
 
999943010
999942835
 
 
999942306
999942126
999942092
999942059
 
 
999941754
999941737
999941390
 
999941257
999941239
999941235
999941227
999941004
999940969
999940624
 
999940463
999940245
999939845
999939499
999939457
 
999939083
 
999938788
999938752
999938526
 
999938197
 
999937999
 
 
 
999937621
999937557
999937525
 
999937260
999937044
999936953
 
999936583
999936275
 
 
999936087
999935994
 
999935774
 
999935694
999935673
999935624
999935622
999935465
999935285
 
999934781
 
999934548
999934431
999934356
 
999934133
999933729
999933523
999933227
 
999932915
999932733
 
999932610
 
999932221
999932055
 
999931929
999931828
999931792
999931747
999931735
999931058
 
 
999929664
 
999929188
999929004
999928867
999928553
 
999928094
999927975
 
999927867
999927730
 
 
 
999927192
999927066
999926986
 
999926850
999926795
 
 
999926591
999926435
999926408
 
999926261
999926190
999926154
999926150
 
 
999925818
 
999925448
 
999925344
999925286
999925243
 
999925090
 
999924822
999924754
999924639
 
 
999923899
 
999923235
999923096
999923060
999923004
999922882
999922816
 
 
999922604
999922289
999922223
999922160
999922096
999921602
 
 
 
999920775
999920664
 
 
999920417
999920318
999920070
999920002
 
999919663
 
999919570
999919405
 
999919017
999919008
999918612
999918554
999918547
 
999918299
999918245
 
999918074
799999859
799999687
799999686

799999208
799999146
799999145
799999104
799999036

799998422
799998226
799998112
799998096
799997926
799997920
799997842
799997837

799997604
799997399
799997083
799996894

799996514
799996458
799996416

799995695
799995472
799995425
799995347
799994817


799994236
799994147
799994137

799993989
799993680
799993567

799993412
799993387
799993250

799992995
799992889
799992737
799992646
799992386

799992285
799992194
799991924
799991505
799991293
799991199
799991089
799990914
799990839
799990830


799990504
799990251
799990121
799989974


799989450
799989335
799989175
799989051

799988716
799988563
799988386
799988257


799987950

799987716
799987658

799987056


799986462


799985844

799985649
799985511





799984879


799984703
799984382
799984356
799984326

799984038
799983933
799983909
799983801

799983466

799983430
799983419
799983368
799983337
799983270
799983106
799983006
799982911
799982892
799982640


799981971

799981757
799981605
799981484
799981422
799981370
799981324

799981040

799980772
799980768
799980693
799980602


799980200

799980025
799979695
799979630

799979423
799978991

799978884


799978578
799978547
799978479
799978387

799978197
799978013
799978004


799977583
799977582
799977555
799977447

