UserId: 2000171
UserId: 2000244
UserId: 2000553
UserId: 2000573
UserId: 2000854
UserId: 2000908
UserId: 2001258
UserId: 2001400
UserId: 2001566
UserId: 2001625
UserId: 2001899
UserId: 2002148
UserId: 2002576
UserId: 2002690
UserId: 2002747
UserId: 2003481
UserId: 2003528
UserId: 2003850
UserId: 2003973
UserId: 2004035
UserId: 2005026
UserId: 2005155
UserId: 2005284
UserId: 2005697
UserId: 2005711
UserId: 2005791
UserId: 2005974
UserId: 2006455
UserId: 2006805
UserId: 2006977
UserId: 2007155
UserId: 2007233
UserId: 2008324
UserId: 2008404
UserId: 2008632
UserId: 2008993
UserId: 2009120
UserId: 2009287
UserId: 2009302
UserId: 2009842
UserId: 2009976
UserId: 2010575
UserId: 2010581
UserId: 2010696
UserId: 2010952
UserId: 2011166
UserId: 2011321
UserId: 2011549
UserId: 2011757
UserId: 2011847
UserId: 2011892
UserId: 2011977
UserId: 2012287
UserId: 2012630
UserId: 2013048
UserId: 2013084
UserId: 2013104
UserId: 2013230
UserId: 2013333
UserId: 2013345
UserId: 2013455
UserId: 2013467
UserId: 2013476
UserId: 2013644
UserId: 2014070
UserId: 2014494
UserId: 2014538
UserId: 2014603
UserId: 2014666
UserId: 2014939
UserId: 2015566
UserId: 2015934
UserId: 2016359
UserId: 2016658
UserId: 2016927
UserId: 2017187
UserId: 2017510
UserId: 2018329
UserId: 2018336
UserId: 2018375
UserId: 2018431
UserId: 2018679
UserId: 2018705
UserId: 2018707
UserId: 2019030
UserId: 2019630
UserId: 2019877
UserId: 2020211
UserId: 2020763
UserId: 2021038
UserId: 2021040
UserId: 2021484
UserId: 2021701
UserId: 2022156
UserId: 2022460
UserId: 2022604
UserId: 2022671
UserId: 2022673
UserId: 2022770
UserId: 2023340
UserId: 2023749
UserId: 2024210
UserId: 2024384
UserId: 2024557
UserId: 2024589
UserId: 2024795
UserId: 2024827
UserId: 2024911
UserId: 2025055
UserId: 2025121
UserId: 2025323
UserId: 2025325
UserId: 2026286
UserId: 2026371
UserId: 2026656
UserId: 2026941
UserId: 2027795
UserId: 2028072
UserId: 2028620
UserId: 2028670
UserId: 2029161
UserId: 2029793
UserId: 2029842
UserId: 2030537
UserId: 2030897
UserId: 2031097
UserId: 2031438
UserId: 2031512
UserId: 2031522
UserId: 2031663
UserId: 2031862
UserId: 2031864
UserId: 2031959
UserId: 2031972
UserId: 2032319
UserId: 2032653
UserId: 2032678
UserId: 2032864
UserId: 2032865
UserId: 2033126
UserId: 2033160
UserId: 2033252
UserId: 2033335
UserId: 2033715
UserId: 2033724
UserId: 2033807
UserId: 2034143
UserId: 2034301
UserId: 2034586
UserId: 2034843
UserId: 2034876
UserId: 2035278
UserId: 2035302
UserId: 2035456
UserId: 2035648
UserId: 2035740
UserId: 2035911
UserId: 2036036
UserId: 2036206
UserId: 2036434
UserId: 2036598
UserId: 2036619
UserId: 2036720
UserId: 2036864
UserId: 2036943
UserId: 2037019
UserId: 2037269
UserId: 2037715
UserId: 2037845
UserId: 2037949
UserId: 2038037
UserId: 2038303
UserId: 2038368
UserId: 2038487
UserId: 2038557
UserId: 2038889
UserId: 2039023
UserId: 2039401
UserId: 2039413
UserId: 2039592
UserId: 2039636
UserId: 2039726
UserId: 2039934
UserId: 2040481
UserId: 2040919
UserId: 2041051
UserId: 2041356
UserId: 2042298
UserId: 2043079
UserId: 2043508
UserId: 2043559
UserId: 2043561
UserId: 2043868
UserId: 2043971
UserId: 2044019
UserId: 2044073
UserId: 2044130
UserId: 2044309
UserId: 2044463
UserId: 2044564
UserId: 2044612
UserId: 2044783
UserId: 2044791
UserId: 2044834
UserId: 2045185
UserId: 2045205
UserId: 2045251
UserId: 2045538
UserId: 2045646
UserId: 2046177
UserId: 2046400
UserId: 2046400
UserId: 2046853
UserId: 2046916
UserId: 2046988
UserId: 2047151
UserId: 2047416
UserId: 2047585
UserId: 2048078
UserId: 2048125
UserId: 2048378
UserId: 2048605
UserId: 2048668
UserId: 2048856
UserId: 2049544
UserId: 2050080
UserId: 2050217
UserId: 2050235
UserId: 2050583
UserId: 2050604
UserId: 2050636
UserId: 2050682
UserId: 2050836
UserId: 2050970
UserId: 2051198
UserId: 2051216
UserId: 2051293
UserId: 2051520
UserId: 2051710
UserId: 2051911
UserId: 2052041
UserId: 2052785
UserId: 2052855
UserId: 2053254
UserId: 2053367
UserId: 2053431
UserId: 2053568
UserId: 2053994
UserId: 2054093
UserId: 2054684
UserId: 2055056
UserId: 2055161
UserId: 2055340
UserId: 2055950
UserId: 2056329
UserId: 2056645
UserId: 2056651
UserId: 2056686
UserId: 2056753
UserId: 2057186
UserId: 2057218
UserId: 2057273
UserId: 2057438
UserId: 2058110
UserId: 2058271
UserId: 2058318
UserId: 2058514
UserId: 2058555
UserId: 2058633
UserId: 2058673
UserId: 2058700
UserId: 2058761
UserId: 2059300
UserId: 2059446
UserId: 2059629
UserId: 2059630
UserId: 2059644
UserId: 2059909
UserId: 2060081
UserId: 2060404
UserId: 2060484
UserId: 2060745
UserId: 2060829
UserId: 2061066
UserId: 2061224
UserId: 2061251
UserId: 2061491
UserId: 2062091
UserId: 2062226
UserId: 2062505
UserId: 2062590
UserId: 2062596
UserId: 2062614
UserId: 2062688
UserId: 2062713
UserId: 2062770
UserId: 2062821
UserId: 2062865
UserId: 2063139
UserId: 2063222
UserId: 2063813
UserId: 2063964
UserId: 2064081
UserId: 2064223
UserId: 2064803
UserId: 2064817
UserId: 2064965
UserId: 2065473
UserId: 2065586
UserId: 2065713
UserId: 2065881
UserId: 2066105
UserId: 2066670
UserId: 2066849
UserId: 2067002
UserId: 2067296
UserId: 2067310
UserId: 2067637
UserId: 2067716
UserId: 2067949
UserId: 2068066
UserId: 2068190
UserId: 2068424
UserId: 2068435
UserId: 2068663
UserId: 2068744
UserId: 2068978
UserId: 2069036
UserId: 2069110
UserId: 2069115
UserId: 2069840
UserId: 2069936
UserId: 2070056
UserId: 2070441
UserId: 2070458
UserId: 2070593
UserId: 2070741
UserId: 2071290
UserId: 2071490
UserId: 2071716
UserId: 2071844
UserId: 2071936
UserId: 2072083
UserId: 2072377
UserId: 2072484
UserId: 2072541
UserId: 2072612
UserId: 2073277
UserId: 2073501
UserId: 2074236
UserId: 2074291
UserId: 2074751
UserId: 2075001
UserId: 2075576
UserId: 2075947
UserId: 2076063
UserId: 2076158
UserId: 2076183
UserId: 2076232
UserId: 2076781
UserId: 2077189
UserId: 2077390
UserId: 2077454
UserId: 2077509
UserId: 2077539
UserId: 2077542
UserId: 2077858
UserId: 2078173
UserId: 2078534
UserId: 2078934
UserId: 2079230
UserId: 2079421
UserId: 2079484
UserId: 2079548
UserId: 2079720
UserId: 2080299
UserId: 2080319
UserId: 2080495
UserId: 2080604
UserId: 2080848
UserId: 2080859
UserId: 2081064
UserId: 2081343
UserId: 2081431
UserId: 2081462
UserId: 2081536
UserId: 2081979
UserId: 2082111
UserId: 2082128
UserId: 2082622
UserId: 2082790
UserId: 2082860
UserId: 2083392
UserId: 2084001
UserId: 2084114
UserId: 2084269
UserId: 2084546
UserId: 2084737
UserId: 2084749
UserId: 2084901
UserId: 2084965
UserId: 2085002
UserId: 2085031
UserId: 2085101
UserId: 2085286
UserId: 2085385
UserId: 2086099
UserId: 2086376
UserId: 2086526
UserId: 2086571
UserId: 2086770
UserId: 2086841
UserId: 2087417
UserId: 2087578
UserId: 2087697
UserId: 2087768
UserId: 2087974
UserId: 2088098
UserId: 2088710
UserId: 2088833
UserId: 2089049
UserId: 2089559
UserId: 2089632
UserId: 2089738
UserId: 2089879
UserId: 2089887
UserId: 2089937
UserId: 2090212
UserId: 2090244
UserId: 2090793
UserId: 2090924
UserId: 2091176
UserId: 2091800
UserId: 2091951
UserId: 2092110
UserId: 2092275
UserId: 2092304
UserId: 2092604
UserId: 2092639
UserId: 2092658
UserId: 2092700
UserId: 2092767
