>> 11154218 + 10000000
11154218
11154291
11154500
11154675
11155277
11155369
11155516
11155548
11155772
11155946
11155993
11156221
11156718
11156738
11156753
11156917
11157106
11157111
11157869
11158562
11158642
11158903
11159202
11159242
11159416
11159636
11159819
11159830
11159927
11160048
11160054
11160089
11160204
11160463
11161063
11161068
11161093
11161199
11161325
11161441
11162096
11162335
11162399
11162555
11162731
11163284
11163651
11164207
11164565
11164670
11165386
11165534
11165694
11165734
11165811
11166159
11166164
11166247
11166253
11166323
11166818
11166823
11166860
11167080
11167198
11167265
11167974
11167992
11168020
11168323
11168338
11168736
11168772
11168894
11169242
11169256
11169263
11169608
11169958
11170127
11170224
11170851
11170887
11171149
11171302
11171339
11171993
11172154
11172209
11172307
11172486
11172616
11172704
11172720
11172756
11173441
11173468
11173525
11173576
11173871
11174713
11175029
11175056
11175066
11175198
11175302
11176122
11176629
11176686
11176800
11177253
11177502
11178141
11178276
11178278
11178696
11179044
11179210
11179523
11179532
11179542
11179557
11179699
11179984
11180330
11180406
11180440
11180628
11180693
11181144
11181400
11181912
11181921
11182879
11183205
11183233
11183387
11183717
11184200
11184258
11184813
11184843
11184845
11185069
11185587
11185731
11185860
11186885
11186904
11186928
11187026
11187055
11187226
11187514
11187636
11187846
11188372
11188764
11188911
11189734
11189814
11190321
11190340
11190699
11190760
11190960
11191068
11191856
11192250
11192486
11192885
11193077
11193096
11193105
11193966
11194513
11194574
11195062
11195078
11195149
11195208
11195210
11195685
11196099
11196558
11196782
11197218
11197278
11197360
11197701
11198225
11198748
11199269
11199348
11199464
11199534
11199697
11199713
11199936
11200283
11200328
11200330
11200353
11200439
11200479
11200702
11200758
11200853
11201296
11201394
11201937
11202673
11202692
11202888
11202918
11202951
11203008
11203030
11203672
11204050
11204257
11204785
11204807
11204935
11205113
11205255
11205341
11205603
11205883
11206613
11206618
11207004
11207244
11207322
11207666
11207705
11207752
11208037
11208331
11208552
11208600
11208731
11209112
11209616
11209669
11210117
11210497
11210596
11210853
11211053
11211406
11211473
11211691
11211705
11212315
11212338
11212502
11212894
11214359
11214416
11214780
11214922
11214963
11215045
11215292
11215341
11215877
11215992
11216053
11216192
11216745
11216746
11216788
11216894
11216931
11218264
11218272
11218473
11218588
11218817
11219135
11219377
11219612
11219964
11220397
11220435
11221001
11221057
11221261
11221373
11221692
11222086
11222513
11222591
11223036
11223339
11223508
11223606
11223664
11224066
11224077
11224373
11224698
11224888
11224925
11225166
11225195
11225646
11225664
11225698
11225738
11225746
11226262
11226295
11226297
11226414
11226500
11226560
11226831
11227012
11227360
11227746
11227813
11227845
11227972
11228252
11228320
11228450
11228616
11228707
11228926
11228996
11229312
11229514
11229631
11229822
11229896
11230173
11230178
11230218
11230223
11230322
11230404
11230582
11230690
11230940
11231358
11231542
11231680
11231715
11231760
11232004
11232089
11232167
11232202
11232215
11232472
11232807
11233107
11233282
11233648
11233650
11233741
11233978
11233985
11234050
11234263
11235022
11235031
11235154
11235439
11235536
11236025
11236186
11236324
11236357
11236365
11236490
11236532
11236547
11237047
11237061
11237221
11237248
11237899
11237911
11238291
11239509
11239586
11239660
11240040
11240476
11240598
11240724
11240828
11241140
11241205
11241357
11241799
11241839
11241877
11242894
11243109
11243143
11243286
11243580
11243754
11244383
11244639
11245552
11245785
11245943
11246297
11246320
11246332
11246395
11246468
11246658
11246847
11246863
11246929
11247052
11247515
11247723
11248269
11248799
11249403
11249425
11249531
11249845
11249942
11250068
11250069
11250126
11250499
11250604
11250976
11251358
11251544
11251881
11252108
11252126
11252466
11252499
11252610
11252680
11252834
11253255
11253428
11253461
11253987
11254135
11254656
11255001
11255251
11255308
11255609
11255709
11255784
11255870
11255971
11256702
11256845
11256888
11257069
11257177
11257873
11257902
11258009
11258179
11258212
11258343
11258572
11258656
11258685
11258891
11259743
11259857
11259921
11260271
11260366
11260672
11261128
11261378
11261413
11261575
11261976
11262043
11262096
11262211
11262785
11262797
11262894
11262973
11263249
11263388
11263396
11263484
11263871
11263977
11264060
11264188
11264397
11265381
11265608
11265965
11266267
11266286
11266349
11266535
11266657
11267037
11267045
11267237
11267468
11267672
11267770
11268009
11268048
11268177
11268406
11268722
11268823
11268920
11269026
11269218
11269851
11269860
11270011
11270500
11270798
11270830
11271389
11271764
11272412
11272653
11273291
11274054
11274302
11274604
11274656
11274850
11274897
11274974
11275188
11275200
11275444
11275919
11276047
11276090
11276118
11276312
11276571
11276709
11277367
11277478
11277944
11278118
11278232
11278702
11279126
11279302
11279487
11279578
11279678
11279852
11279947
11280172
11280313
11280324
11280438
11280603
11280959
11281079
11281311
11281428
11281482
11281613
11281892
11282051
11282401
11282442
11282594
11283169
11283189
11283396
11283401
11283577
11283868
11284004
11284041
11284274
11284544
11284560
11284741
11285738
11285805
11285943
11286359
11286860
11287229
11287866
11287914
11288260
11288264
11288460
11288788
11288834
11289096
11289587
11289622
11289649
11289722
11290081
11290525
11290716
11290723
11290754
11290825
11291594
11291739
11292214
11292629
11292849
11293074
11293198
11293409
11293574
11293625
11293815
11293911
11293915
11294049
11295395
11296122
11296132
11296232
11296451
11296470
11296911
11297520
11297644
11298032
11298037
11298052
11298114
11298267
11298347
11298487
11298849
11299134
11299242
11299496
11299547
11299554
11299783
11299801
11299811
11300130
11300196
11300450
11300617
11300854
11301045
11301059
11301628
11301903
11302505
11302844
11303442
11303850
11304438
11304729
11304819
11304832
11305196
11305305
11305312
11305733
11305779
11305953
11306575
11307095
11307130
11307137
11307292
11307507
11307734
