>> 1000000000 + 0
999999643
999999531
 - 999999515
999999286
999999175
 - 999999086
 - 999998874
999998850
999998804
 - 999998751
999998633
 - 999997961
999997928
999997891
 - 999997657
 - 999997594
999997509
 - 999997480
999997419
999997360
 - 999997307
999997151
999997092
 - 999997063
999996999
999996926
 - 999996910
999996484
 - 999996224
999996192
 - 999996172
999996134
 - 999996098
 - 999996038
999995756
 - 999995575
999995468
 - 999995303
999995211
 - 999995183
999994509
999994152
999994040
999993979
 - 999993803
999993453
 - 999993289
 - 999993230
 - 999993211
 - 999993209
999993012
999992664
999992598
999992226
999991919
999991754
 - 999991565
999991554
999991515
999991453
999991352
999991157
999990991
999990895
 - 999990604
999990603
 - 999990535
999990452
 - 999990302
999990086
 - 999989807
999989588
 - 999989517
999989477
 - 999989414
 - 999989393
 - 999989299
999989285
 - 999989167
999988986
999988832
 - 999988739
999988331
999988109
 - 999988007
 - 999987611
999987407
 - 999987405
999987394
 - 999987288
999987188
 - 999987163
999987016
 - 999987001
999986902
999986845
 - 999986736
 - 999986557
999986472
 - 999986336
 - 999986159
999984818
999984660
 - 999984540
999984458
999984125
999984112
 - 999984072
999984013
999983460
 - 999982959
 - 999982925
999982741
999982718
999982655
999982311
999982264
999982234
 - 999982191
999982064
999981997
999981624
999981540
 - 999981433
 - 999981389
999981217
 - 999981097
 - 999981075
999980976
999980968
999980825
 - 999979958
999979888
999979838
 - 999979779
999979738
999979720
999979682
999979294
999979122
999979068
 - 999979042
999978977
 - 999978438
999978325
 - 999978226
999978172
999978058
 - 999978051
999977949
999977810
999977633
 - 999977599
999977568
999977507
 - 999977060
999976778
999976625
999976282
999976204
 - 999976199
999975791
 - 999974853
999974669
999974544
999974194
 - 999974080
 - 999973970
999973587
999973454
 - 999973355
999973174
999973025
999972882
999972772
999972562
999972331
999972237
 - 999972037
 - 999971745
 - 999971612
999971512
 - 999971460
999971401
999971174
999971041
999971029
 - 999971001
 - 999970946
 - 999970828
 - 999970814
999970681
999970604
999970486
999970452
 - 999970161
 - 999969885
999969718
999969639
 - 999968848
999968811
999968799
 - 999968675
 - 999968598
 - 999968359
 - 999968282
 - 999968250
999968019
999967803
 - 999967749
 - 999967497
 - 999967413
999967307
999967168
999967119
999966776
999966763
999966392
 - 999966183
999966122
 - 999966061
999965985
999965951
 - 999965906
 - 999965747
 - 999965729
999965715
 - 999965528
 - 999965438
999965395
 - 999965362
999965227
999965167
 - 999964932
 - 999964926
999964835
999964643
999964456
999964150
999964144
 - 999963957
 - 999963780
999963661
999963590
999963209
 - 999963207
999963160
 - 999963003
 - 999962844
999962196
 - 999961969
999961638
999961599
999961574
999961534
 - 999961450
 - 999961371
999961224
999961201
999961028
999960914
999960800
999960670
 - 999960586
 - 999960534
 - 999960407
 - 999960401
 - 999960176
 - 999960069
999959389
 - 999959178
999959079
 - 999958939
999958916
 - 999958762
999958673
 - 999958666
 - 999958310
999958303
999958246
 - 999957723
 - 999957690
999957650
999957490
 - 999957469
999957396
 - 999957384
999957345
999957227
 - 999957116
999957042
 - 999957005
999956964
 - 999956853
 - 999956822
999956609
999956343
 - 999956275
999956232
999956216
999956105
999955816
999955777
 - 999955723
 - 999955603
 - 999955548
999955228
 - 999954935
 - 999954901
 - 999954897
999954795
 - 999954776
999954766
 - 999954473
999954173
 - 999954058
999953540
999953439
999953436
999953289
 - 999953077
999953049
999953006
999952556
999952398
 - 999952363
 - 999952321
999952308
999951982
999951947
999951855
 - 999951660
999951443
999951360
999951218
999951056
999949995
999949991
999949766
999949259
 - 999949235
999949173
999949159
 - 999949141
999949055
 - 999948971
999948895
 - 999948782
999948762
999948685
999948681
 - 999948440
 - 999948393
999947484
999947401
 - 999947370
999947329
999947122
 - 999947112
999947008
999946914
999946758
999946749
999946614
999946473
999946105
999945783
 - 999945717
999945645
 - 999945624
 - 999945537
 - 999945522
 - 999945480
999945282
 - 999945206
