>> 800000000 + 0
799999859
799999687
799999686
 - 799999282
799999208
799999146
799999145
799999104
799999036
 - 799999017
799998422
799998226
799998112
799998096
799997926
799997920
799997842
799997837
 - 799997649
799997604
799997399
799997083
799996894
 - 799996861
799996514
799996458
799996416
 - 799995709
799995695
799995472
799995425
799995347
799994817
 - 799994697
 - 799994680
799994236
799994147
799994137
 - 799994099
799993989
799993680
799993567
 - 799993426
799993412
799993387
799993250
 - 799993133
799992995
799992889
799992737
799992646
799992386
 - 799992363
799992285
799992194
799991924
799991505
799991293
799991199
799991089
799990914
799990839
799990830
 - 799990622
 - 799990526
799990504
799990251
799990121
799989974
 - 799989632
 - 799989474
799989450
799989335
799989175
799989051
 - 799988752
799988716
799988563
799988386
799988257
 - 799988195
 - 799988126
799987950
 - 799987742
799987716
799987658
 - 799987160
799987056
 - 799986940
 - 799986899
799986462
 - 799986459
 - 799986060
799985844
 - 799985708
799985649
799985511
 - 799985428
 - 799985412
 - 799985185
 - 799985156
 - 799984937
799984879
 - 799984830
 - 799984716
799984703
799984382
799984356
799984326
 - 799984266
799984038
799983933
799983909
799983801
 - 799983778
799983466
 - 799983455
799983430
799983419
799983368
799983337
799983270
799983106
799983006
799982911
799982892
799982640
 - 799982421
 - 799982220
799981971
 - 799981919
799981757
799981605
799981484
799981422
799981370
799981324
 - 799981318
799981040
 - 799980800
799980772
799980768
799980693
799980602
 - 799980455
 - 799980293
799980200
 - 799980102
799980025
799979695
799979630
 - 799979513
799979423
799978991
 - 799978910
799978884
 - 799978858
 - 799978785
799978578
799978547
799978479
799978387
 - 799978278
799978197
799978013
799978004
 - 799977731
 - 799977645
799977583
799977582
799977555
799977447
