>> 799977446 + 700000000
799977175
799977159
 - 799977044
 - 799976861
 - 799976174
799976070
799976057
 - 799976002
799975982
 - 799975470
 - 799975399
 - 799975392
 - 799975380
799975317
 - 799975155
799974939
799974894
799974832
799974437
 - 799974327
799973947
 - 799973914
>> 799973946 + 700000000
 - 799973914
799973665
 - 799973645
 - 799973623
799973598
799973232
799973152
799973106
 - 799973097
 - 799973045
 - 799972994
 - 799972952
799972684
799972620
799972386
799972376
799972068
 - 799971967
 - 799971963
799971889
799971878
799971465
799971150
799970768
 - 799970742
 - 799970606
799970565
