>> 999917917 + 900000000
 - 999917495
 - 999917346
999917208
 - 999917173
 - 999916701
 - 999916556
 - 999916501
 - 999916469
 - 999916430
999916424
 - 999916152
 - 999916107
999915991
999915949
999915915
 - 999915881
999915479
999915374
999915361
 - 999915180
999915074
999915069
 - 999914996
 - 999914965
999914913
>> 999917917 + 900000000
>> 999914913 + 900000000
999914913
 - 999914619
999914335
 - 999913554
999913258
999913074
999913056
 - 999913016
 - 999912968
999912622
999912599
999912537
999912462
999912372
999912324
999912063
999911889
999911768
999911606
999911223
 - 999911104
999911096
