>> 12010000 + 10000
>> 12020000 + 10000
>> 12060000 + 10000
>> 12050000 + 10000
>> 12030000 + 10000
>> 12070000 + 10000
>> 12040000 + 10000
>> 12000000 + 10000
>> 12080000 + 10000
>> 12090000 + 10000
>> 12100000 + 10000
>> 12130000 + 10000
>> 12120000 + 10000
>> 12110000 + 10000
>> 12140000 + 10000
>> 12160000 + 10000
>> 12150000 + 10000
>> 12170000 + 10000
>> 12180000 + 10000
>> 12200000 + 10000
>> 12190000 + 10000
>> 12210000 + 10000
>> 12220000 + 10000
>> 12230000 + 10000
>> 12240000 + 10000
>> 12250000 + 10000
>> 12260000 + 10000
>> 12270000 + 10000
>> 12290000 + 10000
>> 12280000 + 10000
>> 12300000 + 10000
>> 12320000 + 10000
>> 12330000 + 10000
>> 12310000 + 10000
>> 12340000 + 10000
>> 12350000 + 10000
>> 12360000 + 10000
>> 12380000 + 10000
>> 12370000 + 10000
>> 12390000 + 10000
>> 12400000 + 10000
UserId: 12010066
UserId: 12050072
UserId: 12400091
UserId: 12180017
UserId: 12330117
UserId: 12400123
UserId: 12250177
UserId: 12180149
UserId: 12250288
UserId: 12260269
UserId: 12200303
UserId: 12010293
UserId: 12210304
UserId: 12170213
UserId: 12210307
UserId: 12000428
UserId: 12370324
UserId: 12040382
UserId: 12200436
UserId: 12310262
UserId: 12070391
UserId: 12380378
UserId: 12180370
UserId: 12190418
UserId: 12210405
UserId: 12120462
UserId: 12170415
UserId: 12140515
UserId: 12310397
UserId: 12230444
UserId: 12060392
UserId: 12300665
UserId: 12280522
UserId: 12130664
UserId: 12370547
UserId: 12120657
UserId: 12180575
UserId: 12040623
UserId: 12380657
UserId: 12140735
UserId: 12220620
UserId: 12050823
UserId: 12160728
UserId: 12060659
UserId: 12130897
UserId: 12380817
UserId: 12200906
UserId: 12220731
UserId: 12250997
UserId: 12270865
UserId: 12370790
UserId: 12220820
UserId: 12190888
UserId: 12100899
UserId: 12360963
UserId: 12350890
UserId: 12090814
UserId: 12230801
UserId: 12180907
UserId: 12120993
UserId: 12170919
UserId: 12081033
UserId: 12030999
UserId: 12100994
UserId: 12271055
UserId: 12230867
UserId: 12021257
UserId: 12381151
UserId: 12281052
UserId: 12361158
UserId: 12211079
UserId: 12051237
UserId: 12371068
UserId: 12381230
UserId: 12261286
UserId: 12021442
UserId: 12201172
UserId: 12371149
UserId: 12251411
UserId: 12401106
UserId: 12281259
UserId: 12001477
UserId: 12151173
UserId: 12301526
UserId: 12401262
UserId: 12261514
UserId: 12191365
UserId: 12041395
UserId: 12321436
UserId: 12401368
UserId: 12391516
UserId: 12341711
UserId: 12121758
UserId: 12341755
UserId: 12341768
UserId: 12361580
UserId: 12231452
UserId: 12361593
UserId: 12161649
UserId: 12391713
UserId: 12361693
UserId: 12241678
UserId: 12081751
UserId: 12341927
UserId: 12361802
UserId: 12041703
UserId: 12331772
UserId: 12141940
UserId: 12031925
UserId: 12281710
UserId: 12111649
UserId: 12392062
UserId: 12302269
UserId: 12361990
UserId: 12281905
UserId: 12012138
UserId: 12122351
UserId: 12052211
UserId: 12042132
UserId: 12002470
UserId: 12062282
UserId: 12122489
UserId: 12212277
UserId: 12112168
UserId: 12342584
UserId: 12022843
UserId: 12072411
UserId: 12022946
UserId: 12142688
UserId: 12172704
UserId: 12102774
UserId: 12032913
UserId: 12382940
UserId: 12042737
UserId: 12222469
UserId: 12282504
UserId: 12152600
UserId: 12033170
UserId: 12182886
UserId: 12083025
UserId: 12322883
UserId: 12263228
UserId: 12063149
UserId: 12282897
UserId: 12183107
UserId: 12133441
UserId: 12033625
UserId: 12143540
