UserId: 10000603
UserId: 10000609
UserId: 10000696
UserId: 10000710
UserId: 10000854
UserId: 10001224
UserId: 10001791
UserId: 10002109
UserId: 10002574
UserId: 10002972
UserId: 10003083
UserId: 10005196
UserId: 10005455
UserId: 10005480
UserId: 10005807
UserId: 10006468
UserId: 10007156
UserId: 10007158
UserId: 10007547
UserId: 10007561
UserId: 10008098
UserId: 10008827
UserId: 10009099
UserId: 10009493
UserId: 10009626
UserId: 10010396
UserId: 10010458
UserId: 10011797
UserId: 10012533
UserId: 10013508
UserId: 10013516
UserId: 10014503
UserId: 10014822
UserId: 10014973
UserId: 10015030
UserId: 10015056
UserId: 10015073
UserId: 10015230
UserId: 10015328
UserId: 10015998
UserId: 10016010
UserId: 10016513
UserId: 10016720
UserId: 10016809
UserId: 10017285
UserId: 10017844
UserId: 10017867
UserId: 10017911
UserId: 10018053
UserId: 10018136
UserId: 10018141
UserId: 10018156
UserId: 10018545
UserId: 10018703
UserId: 10019886
UserId: 10020179
UserId: 10021119
UserId: 10022449
UserId: 10023033
UserId: 10023229
UserId: 10024535
UserId: 10024913
UserId: 10026490
UserId: 10027008
UserId: 10027208
UserId: 10029483
UserId: 10029827
