UserId: 11000052
UserId: 11000500
UserId: 11000589
UserId: 11000955
UserId: 11002304
UserId: 11003427
UserId: 11005991
UserId: 11006173
UserId: 11006640
UserId: 11006919
UserId: 11007023
UserId: 11007324
UserId: 11007453
UserId: 11007999
UserId: 11008334
UserId: 11008445
UserId: 11008729
UserId: 11009046
UserId: 11011945
UserId: 11012581
UserId: 11012757
UserId: 11013294
UserId: 11013526
UserId: 11013577
UserId: 11013847
UserId: 11014939
UserId: 11015047
UserId: 11015320
UserId: 11015361
UserId: 11015485
UserId: 11015967
UserId: 11016970
UserId: 11017517
UserId: 11017532
UserId: 11018099
UserId: 11018348
UserId: 11018513
UserId: 11018820
UserId: 11018923
UserId: 11019140
UserId: 11019384
UserId: 11019502
UserId: 11019526
UserId: 11021160
UserId: 11021540
UserId: 11021585
UserId: 11021729
UserId: 11022121
UserId: 11022184
UserId: 11022265
UserId: 11022784
UserId: 11023731
UserId: 11023754
UserId: 11023820
UserId: 11024203
UserId: 11024739
UserId: 11025123
UserId: 11025361
UserId: 11026003
UserId: 11026153
UserId: 11026203
UserId: 11026675
UserId: 11026725
UserId: 11027642
UserId: 11028056
UserId: 11029281
UserId: 11029903
