UserId: 2000171
UserId: 2000244
UserId: 2000553
UserId: 2000573
UserId: 2000854
UserId: 2000908
UserId: 2001258
UserId: 2001400
UserId: 2001566
UserId: 2001625
UserId: 2001899
UserId: 2002148
UserId: 2002576
UserId: 2002690
UserId: 2002747
UserId: 2003481
UserId: 2003528
UserId: 2003850
UserId: 2003973
UserId: 2004035
UserId: 2005026
UserId: 2005155
UserId: 2005284
UserId: 2005697
UserId: 2005711
UserId: 2005791
UserId: 2005974
UserId: 2006455
UserId: 2006805
UserId: 2006977
UserId: 2007155
UserId: 2007233
UserId: 2008324
UserId: 2008404
UserId: 2008632
UserId: 2008993
UserId: 2009120
UserId: 2009287
UserId: 2009302
UserId: 2009842
UserId: 2009976
UserId: 2010575
UserId: 2010581
UserId: 2010696
UserId: 2010952
UserId: 2011166
UserId: 2011321
UserId: 2011549
UserId: 2011757
UserId: 2011847
UserId: 2011892
UserId: 2011977
UserId: 2012287
UserId: 2012630
UserId: 2013048
UserId: 2013084
UserId: 2013104
UserId: 2013230
UserId: 2013333
UserId: 2013345
UserId: 2013455
UserId: 2013467
UserId: 2013476
UserId: 2013644
UserId: 2014070
UserId: 2014494
UserId: 2014538
UserId: 2014603
UserId: 2014666
UserId: 2014939
UserId: 2015566
UserId: 2015934
UserId: 2016359
UserId: 2016658
UserId: 2016927
UserId: 2017187
UserId: 2017510
UserId: 2018329
UserId: 2018336
UserId: 2018375
UserId: 2018431
UserId: 2018679
UserId: 2018705
UserId: 2018707
UserId: 2019030
UserId: 2019630
UserId: 2019877
UserId: 2020211
UserId: 2020763
UserId: 2021038
UserId: 2021040
UserId: 2021484
UserId: 2021701
UserId: 2022156
UserId: 2022460
UserId: 2022604
UserId: 2022671
UserId: 2022673
UserId: 2022770
UserId: 2023340
UserId: 2023749
UserId: 2024210
UserId: 2024384
UserId: 2024557
UserId: 2024589
UserId: 2024795
UserId: 2024827
UserId: 2024911
UserId: 2025055
UserId: 2025121
UserId: 2025323
UserId: 2025325
UserId: 2026286
UserId: 2026371
UserId: 2026656
UserId: 2026941
UserId: 2027795
UserId: 2028072
UserId: 2028620
UserId: 2028670
UserId: 2029161
UserId: 2029793
UserId: 2029842
UserId: 2030537
UserId: 2030897
UserId: 2031097
UserId: 2031438
UserId: 2031512
UserId: 2031522
UserId: 2031663
UserId: 2031862
UserId: 2031864
UserId: 2031959
UserId: 2031972
UserId: 2032319
UserId: 2032653
UserId: 2032678
UserId: 2032864
UserId: 2032865
UserId: 2033126
UserId: 2033160
UserId: 2033252
UserId: 2033335
UserId: 2033715
UserId: 2033724
UserId: 2033807
UserId: 2034143
UserId: 2034301
UserId: 2034586
UserId: 2034843
UserId: 2034876
UserId: 2035278
UserId: 2035302
UserId: 2035456
UserId: 2035648
UserId: 2035740
UserId: 2035911
UserId: 2036036
UserId: 2036206
UserId: 2036434
UserId: 2036598
UserId: 2036619
UserId: 2036720
UserId: 2036864
UserId: 2036943
UserId: 2037019
UserId: 2037269
UserId: 2037715
UserId: 2037845
UserId: 2037949
UserId: 2038037
UserId: 2038303
UserId: 2038368
UserId: 2038487
UserId: 2038557
UserId: 2038889
UserId: 2039023
UserId: 2039401
UserId: 2039413
UserId: 2039592
UserId: 2039636
UserId: 2039726
UserId: 2039934
UserId: 2040481
UserId: 2040919
UserId: 2041051
UserId: 2041356
UserId: 2042298
UserId: 2043079
UserId: 2043508
UserId: 2043559
UserId: 2043561
UserId: 2043868
UserId: 2043971
UserId: 2044019
UserId: 2044073
UserId: 2044130
UserId: 2044309
UserId: 2044463
UserId: 2044564
UserId: 2044612
UserId: 2044783
UserId: 2044791
UserId: 2044834
UserId: 2045185
UserId: 2045205
UserId: 2045251
UserId: 2045538
UserId: 2045646
UserId: 2046177
UserId: 2046400
