UserId: 5000537
UserId: 5000862
UserId: 5124388
UserId: 5124541
UserId: 5124556
UserId: 5124781
UserId: 5124871
UserId: 5124912
UserId: 5124966
UserId: 5125118
UserId: 5125334
UserId: 5125731
UserId: 5125837
UserId: 5126382
UserId: 5126856
UserId: 5126998
UserId: 5127071
UserId: 5127330
UserId: 5127619
UserId: 5127910
UserId: 5128169
UserId: 5128891
UserId: 5128920
UserId: 5129749
UserId: 5129843
UserId: 5129856
UserId: 5129983
UserId: 5130034
UserId: 5130103
UserId: 5130367
UserId: 5130559
UserId: 5130560
UserId: 5131077
UserId: 5131242
UserId: 5131623
UserId: 5132398
UserId: 5133300
UserId: 5133373
UserId: 5133825
UserId: 5134816
UserId: 5135122
UserId: 5135248
UserId: 5136835
UserId: 5136981
UserId: 5137433
UserId: 5137548
UserId: 5137608
UserId: 5139193
UserId: 5139288
UserId: 5139569
UserId: 5139690
UserId: 5139810
UserId: 5139954
UserId: 5139974
UserId: 5140071
UserId: 5140339
UserId: 5140434
UserId: 5140772
UserId: 5140820
UserId: 5141462
UserId: 5141572
UserId: 5141599
UserId: 5142463
UserId: 5142561
UserId: 5143172
UserId: 5143431
UserId: 5144362
UserId: 5144475
UserId: 5144677
UserId: 5145978
UserId: 5146231
UserId: 5147354
UserId: 5147607
UserId: 5148283
UserId: 5148678
UserId: 5148820
UserId: 5149027
UserId: 5149291
UserId: 5149599
UserId: 5149629
UserId: 5150005
UserId: 5150033
UserId: 5150486
UserId: 5151054
UserId: 5151064
UserId: 5151139
UserId: 5151230
UserId: 5151872
UserId: 5152340
UserId: 5152508
UserId: 5152536
UserId: 5152652
UserId: 5153490
UserId: 5153543
UserId: 5153637
UserId: 5153683
UserId: 5154049
UserId: 5154108
UserId: 5154349
UserId: 5154694
UserId: 5154866
UserId: 5156373
UserId: 5156386
UserId: 5156456
UserId: 5156509
UserId: 5156788
UserId: 5157749
UserId: 5157805
UserId: 5158042
UserId: 5158303
UserId: 5159791
UserId: 5159986
UserId: 5162239
