UserId: 6000012
UserId: 6000252
UserId: 6000757
UserId: 6001027
UserId: 6001204
UserId: 6001444
UserId: 6001775
UserId: 6001872
UserId: 6002477
UserId: 6003267
UserId: 6003554
UserId: 6003558
UserId: 6003763
UserId: 6003808
UserId: 6005418
UserId: 6005876
UserId: 6005906
UserId: 6006754
UserId: 6007487
UserId: 6007538
UserId: 6007939
UserId: 6008175
UserId: 6009943
UserId: 6010465
UserId: 6010712
UserId: 6011761
UserId: 6012496
UserId: 6012858
UserId: 6012932
UserId: 6013359
UserId: 6013752
UserId: 6013949
UserId: 6014350
UserId: 6014374
UserId: 6014953
UserId: 6015226
UserId: 6015422
UserId: 6015944
UserId: 6016063
UserId: 6016424
UserId: 6016563
UserId: 6016701
UserId: 6017089
UserId: 6017911
UserId: 6018595
UserId: 6019740
UserId: 6019866
UserId: 6020002
UserId: 6020064
UserId: 6020066
UserId: 6020277
UserId: 6020634
UserId: 6020882
UserId: 6021808
UserId: 6022703
UserId: 6023861
UserId: 6024321
UserId: 6025908
UserId: 6025917
UserId: 6026553
UserId: 6027427
UserId: 6027876
UserId: 6027989
UserId: 6028688
UserId: 6028722
UserId: 6028849
UserId: 6029640
UserId: 6029657
UserId: 6029720
UserId: 6030407
UserId: 6030432
UserId: 6031883
UserId: 6033045
UserId: 6034009
UserId: 6034650
