UserId: 7000750
UserId: 7001020
UserId: 7001362
UserId: 7001631
UserId: 7001750
UserId: 7001984
UserId: 7002004
UserId: 7002137
UserId: 7002328
UserId: 7002560
UserId: 7002851
UserId: 7002854
UserId: 7003300
UserId: 7003741
UserId: 7004314
UserId: 7004525
UserId: 7004777
UserId: 7005172
UserId: 7005224
UserId: 7006645
UserId: 7006685
UserId: 7006861
UserId: 7007178
UserId: 7007237
UserId: 7007867
UserId: 7010516
UserId: 7010544
UserId: 7010625
UserId: 7010987
UserId: 7011382
UserId: 7011673
UserId: 7013442
UserId: 7014154
UserId: 7014329
UserId: 7014410
UserId: 7015006
UserId: 7015287
UserId: 7015319
UserId: 7015386
UserId: 7015508
UserId: 7015851
UserId: 7016610
UserId: 7016934
UserId: 7017089
UserId: 7017458
UserId: 7017777
UserId: 7017935
UserId: 7018344
UserId: 7018403
UserId: 7018619
UserId: 7018778
UserId: 7018920
UserId: 7019164
UserId: 7019650
UserId: 7019775
UserId: 7019838
UserId: 7019883
UserId: 7020027
UserId: 7020198
UserId: 7020242
UserId: 7020263
UserId: 7020304
UserId: 7020621
UserId: 7020741
UserId: 7020778
UserId: 7021083
UserId: 7021597
UserId: 7021811
UserId: 7021874
UserId: 7021903
UserId: 7021924
UserId: 7022524
UserId: 7023194
UserId: 7026020
UserId: 7026064
UserId: 7026290
UserId: 7026399
UserId: 7026497
UserId: 7026505
UserId: 7026649
UserId: 7027214
UserId: 7027551
UserId: 7027681
UserId: 7027913
UserId: 7028119
UserId: 7028185
UserId: 7028901
UserId: 7029110
UserId: 7029262
UserId: 7029291
UserId: 7029468
UserId: 7029690
UserId: 7029741
UserId: 7030196
UserId: 7031201
UserId: 7031269
UserId: 7032476
UserId: 7033344
