UserId: 8000486
UserId: 8000492
UserId: 8000632
UserId: 8000896
UserId: 8000899
UserId: 8001302
UserId: 8001347
UserId: 8001974
UserId: 8002729
UserId: 8002738
UserId: 8002794
UserId: 8002866
UserId: 8003128
UserId: 8003461
UserId: 8003525
UserId: 8003527
UserId: 8003939
UserId: 8004010
UserId: 8004165
UserId: 8004795
UserId: 8005144
UserId: 8005245
UserId: 8005471
UserId: 8005839
UserId: 8005902
UserId: 8005957
UserId: 8006611
UserId: 8007090
UserId: 8007715
UserId: 8007830
UserId: 8009862
UserId: 8010401
UserId: 8010646
UserId: 8010808
UserId: 8011426
UserId: 8011498
UserId: 8011578
UserId: 8012098
UserId: 8012230
UserId: 8012472
UserId: 8013084
UserId: 8014029
UserId: 8014182
UserId: 8014737
UserId: 8015087
UserId: 8015144
UserId: 8015363
UserId: 8015997
UserId: 8016434
UserId: 8017231
UserId: 8017789
UserId: 8017990
UserId: 8018244
UserId: 8018347
UserId: 8018405
UserId: 8018529
UserId: 8018626
UserId: 8018694
UserId: 8018747
UserId: 8019401
UserId: 8020068
UserId: 8020495
UserId: 8021374
UserId: 8021626
UserId: 8021656
UserId: 8022202
UserId: 8022425
UserId: 8022523
UserId: 8022574
UserId: 8022729
UserId: 8023008
UserId: 8023077
UserId: 8023120
UserId: 8023221
UserId: 8023236
UserId: 8023253
UserId: 8023316
UserId: 8023500
UserId: 8023693
UserId: 8023768
UserId: 8023857
UserId: 8023965
UserId: 8025053
UserId: 8025521
UserId: 8025616
UserId: 8026346
UserId: 8026895
UserId: 8027138
UserId: 8027601
UserId: 8027973
UserId: 8028029
UserId: 8028338
UserId: 8028435
UserId: 8028549
UserId: 8028791
UserId: 8030059
UserId: 8030125
UserId: 8030513
UserId: 8030611
UserId: 8030653
UserId: 8031104
UserId: 8031131
UserId: 8031393
UserId: 8031535
UserId: 8031953
UserId: 8032717
UserId: 8033655
