UserId: 9000250
UserId: 9000593
UserId: 9000791
UserId: 9001191
UserId: 9001980
UserId: 9002005
UserId: 9002108
UserId: 9003488
UserId: 9003499
UserId: 9003658
UserId: 9003902
UserId: 9004221
UserId: 9004271
UserId: 9006808
UserId: 9007321
UserId: 9007913
UserId: 9008456
UserId: 9008691
UserId: 9008698
UserId: 9009291
UserId: 9009612
UserId: 9009996
UserId: 9010057
UserId: 9010262
UserId: 9010316
UserId: 9010490
UserId: 9010653
UserId: 9011270
UserId: 9011874
UserId: 9012274
UserId: 9012276
UserId: 9013454
UserId: 9013780
UserId: 9014365
UserId: 9014374
UserId: 9014831
UserId: 9014905
UserId: 9015243
UserId: 9015285
UserId: 9015364
UserId: 9015368
UserId: 9015743
UserId: 9015896
UserId: 9015950
UserId: 9016007
UserId: 9016063
UserId: 9016237
UserId: 9016269
UserId: 9016585
UserId: 9016634
UserId: 9017021
UserId: 9017122
UserId: 9017166
UserId: 9017340
UserId: 9017349
UserId: 9017428
UserId: 9017438
UserId: 9017861
UserId: 9018330
UserId: 9018448
UserId: 9018728
UserId: 9018995
UserId: 9019202
UserId: 9019463
UserId: 9019933
UserId: 9020239
UserId: 9020988
UserId: 9021422
UserId: 9021485
UserId: 9021641
UserId: 9021741
UserId: 9022029
UserId: 9022642
UserId: 9022978
UserId: 9023591
UserId: 9023764
UserId: 9024365
UserId: 9025016
UserId: 9025190
UserId: 9025547
UserId: 9026045
UserId: 9026224
UserId: 9027063
UserId: 9028311
UserId: 9030088
UserId: 9030617
UserId: 9030823
UserId: 9030842
UserId: 9031094
UserId: 9031108
UserId: 9031133
UserId: 9031302
UserId: 9031440
